<?xml version="1.0" encoding="utf-8"?>
<TestRun id="d3465a33-e60e-4f69-8f3d-78674f7cab10" name="elkam@SELLEMI_ELKAMEL 2023-12-09 23:27:52" runUser="SELLEMI_ELKAMEL\elkam" xmlns="http://microsoft.com/schemas/VisualStudio/TeamTest/2010">
  <Times creation="2023-12-09T23:27:52.1503367+01:00" queuing="2023-12-09T23:27:52.1503369+01:00" start="2023-12-09T23:27:51.4114245+01:00" finish="2023-12-09T23:27:52.1561069+01:00" />
  <TestSettings name="default" id="9b3fdba5-1d64-421a-802f-376334ab52db">
    <Deployment runDeploymentRoot="elkam_SELLEMI_ELKAMEL_2023-12-09_23_27_52" />
  </TestSettings>
  <Results>
    <UnitTestResult executionId="76b768a9-df9a-47a7-82c5-5bf3ebd7764f" testId="bd55c289-432e-4de8-8a4e-47dbd6db28fb" testName="Get_ReturnsTemperatureForValidId" computerName="SELLEMI_ELKAMEL" duration="00:00:00.0585510" startTime="2023-12-09T23:27:51.9704172+01:00" endTime="2023-12-09T23:27:52.0289110+01:00" testType="13cdc9d9-ddb5-4fa4-a97d-d965ccfc6d4b" outcome="Passed" testListId="8c84fa94-04c1-424b-9868-57a2d4851a1d" relativeResultsDirectory="76b768a9-df9a-47a7-82c5-5bf3ebd7764f" />
    <UnitTestResult executionId="be3daae5-5781-4afa-b93a-8a6b7638cb4f" testId="b58eab26-7891-071d-9412-24485436a228" testName="Get_ReturnsZeroForInvalidId" computerName="SELLEMI_ELKAMEL" duration="00:00:00.0006060" startTime="2023-12-09T23:27:52.0300422+01:00" endTime="2023-12-09T23:27:52.0306478+01:00" testType="13cdc9d9-ddb5-4fa4-a97d-d965ccfc6d4b" outcome="Passed" testListId="8c84fa94-04c1-424b-9868-57a2d4851a1d" relativeResultsDirectory="be3daae5-5781-4afa-b93a-8a6b7638cb4f" />
  </Results>
  <TestDefinitions>
    <UnitTest name="Get_ReturnsTemperatureForValidId" storage="c:\users\elkam\desktop\devopsprojects\phoenix\phoenixapitest\bin\release\net6.0\phoenixapitest.dll" id="bd55c289-432e-4de8-8a4e-47dbd6db28fb">
      <Execution id="76b768a9-df9a-47a7-82c5-5bf3ebd7764f" />
      <TestMethod codeBase="C:\Users\elkam\Desktop\DevOpsProjects\Phoenix\PhoenixAPITest\bin\Release\net6.0\PhoenixAPITest.dll" adapterTypeName="executor://nunit3testexecutor/" className="PhoenixAPITest.Tests" name="Get_ReturnsTemperatureForValidId" />
    </UnitTest>
    <UnitTest name="Get_ReturnsZeroForInvalidId" storage="c:\users\elkam\desktop\devopsprojects\phoenix\phoenixapitest\bin\release\net6.0\phoenixapitest.dll" id="b58eab26-7891-071d-9412-24485436a228">
      <Execution id="be3daae5-5781-4afa-b93a-8a6b7638cb4f" />
      <TestMethod codeBase="C:\Users\elkam\Desktop\DevOpsProjects\Phoenix\PhoenixAPITest\bin\Release\net6.0\PhoenixAPITest.dll" adapterTypeName="executor://nunit3testexecutor/" className="PhoenixAPITest.Tests" name="Get_ReturnsZeroForInvalidId" />
    </UnitTest>
  </TestDefinitions>
  <TestEntries>
    <TestEntry testId="bd55c289-432e-4de8-8a4e-47dbd6db28fb" executionId="76b768a9-df9a-47a7-82c5-5bf3ebd7764f" testListId="8c84fa94-04c1-424b-9868-57a2d4851a1d" />
    <TestEntry testId="b58eab26-7891-071d-9412-24485436a228" executionId="be3daae5-5781-4afa-b93a-8a6b7638cb4f" testListId="8c84fa94-04c1-424b-9868-57a2d4851a1d" />
  </TestEntries>
  <TestLists>
    <TestList name="Results Not in a List" id="8c84fa94-04c1-424b-9868-57a2d4851a1d" />
    <TestList name="All Loaded Results" id="19431567-8539-422a-85d7-44ee4e166bda" />
  </TestLists>
  <ResultSummary outcome="Completed">
    <Counters total="2" executed="2" passed="2" failed="0" error="0" timeout="0" aborted="0" inconclusive="0" passedButRunAborted="0" notRunnable="0" notExecuted="0" disconnected="0" warning="0" completed="0" inProgress="0" pending="0" />
    <Output>
      <StdOut>NUnit Adapter 4.4.0.0: Test execution started&#xD;
Running all tests in C:\Users\elkam\Desktop\DevOpsProjects\Phoenix\PhoenixAPITest\bin\Release\net6.0\PhoenixAPITest.dll&#xD;
   NUnit3TestExecutor discovered 2 of 2 NUnit test cases using Current Discovery mode, Non-Explicit run&#xD;
NUnit Adapter 4.4.0.0: Test execution complete&#xD;
</StdOut>
    </Output>
  </ResultSummary>
</TestRun>